<?xml version="1.0" encoding="UTF-8"?>
<!-- Generated by org.testng.reporters.JUnitXMLReporter -->
<testsuite ignored="0" hostname="LAPTOP-BQ7298OG" failures="0" tests="27" name="Employee Rest API Test" time="29.492" errors="0" timestamp="09 May 2020 22:24:33 GMT">
  <testcase classname="com.employeeAPI.testCases.TC001_Get_All_Employees" name="checkContentEncoding" time="0.004"/>
  <testcase classname="com.employeeAPI.testCases.TC001_Get_All_Employees" name="checkContentLength" time="0.001"/>
  <testcase classname="com.employeeAPI.testCases.TC001_Get_All_Employees" name="checkContentType" time="0.001"/>
  <testcase classname="com.employeeAPI.testCases.TC001_Get_All_Employees" name="checkCookie" time="0.002"/>
  <testcase classname="com.employeeAPI.testCases.TC001_Get_All_Employees" name="checkResponseBody" time="0.029"/>
  <testcase classname="com.employeeAPI.testCases.TC001_Get_All_Employees" name="checkResponseTime" time="0.001"/>
  <testcase classname="com.employeeAPI.testCases.TC001_Get_All_Employees" name="checkServerType" time="0.001"/>
  <testcase classname="com.employeeAPI.testCases.TC001_Get_All_Employees" name="checkStatusCode" time="0.003"/>
  <testcase classname="com.employeeAPI.testCases.TC001_Get_All_Employees" name="checkStatusLine" time="0.001"/>
  <testcase classname="com.employeeAPI.testCases.TC002_Get_Single_Employee_Record" name="checkContentLength" time="0.001"/>
  <testcase classname="com.employeeAPI.testCases.TC002_Get_Single_Employee_Record" name="checkContentType" time="0.001"/>
  <testcase classname="com.employeeAPI.testCases.TC002_Get_Single_Employee_Record" name="checkResponseTime" time="0.001"/>
  <testcase classname="com.employeeAPI.testCases.TC002_Get_Single_Employee_Record" name="checkServerType" time="0.002"/>
  <testcase classname="com.employeeAPI.testCases.TC003_Post_Employee_Record" name="checkContentType" time="0.001"/>
  <testcase classname="com.employeeAPI.testCases.TC003_Post_Employee_Record" name="checkResponseBody" time="0.001"/>
  <testcase classname="com.employeeAPI.testCases.TC003_Post_Employee_Record" name="checkServerType" time="0.001"/>
  <testcase classname="com.employeeAPI.testCases.TC003_Post_Employee_Record" name="checkStatusCode" time="0.001"/>
  <testcase classname="com.employeeAPI.testCases.TC003_Post_Employee_Record" name="checkStatusLine" time="0.001"/>
  <testcase classname="com.employeeAPI.testCases.TC004_Put_Employee_Record" name="checkContentType" time="0.001"/>
  <testcase classname="com.employeeAPI.testCases.TC004_Put_Employee_Record" name="checkResponseBody" time="0.001"/>
  <testcase classname="com.employeeAPI.testCases.TC004_Put_Employee_Record" name="checkServerType" time="0.001"/>
  <testcase classname="com.employeeAPI.testCases.TC004_Put_Employee_Record" name="checkStatusCode" time="0.001"/>
  <testcase classname="com.employeeAPI.testCases.TC004_Put_Employee_Record" name="checkStatusLine" time="0.001"/>
  <testcase classname="com.employeeAPI.testCases.TC005_Delete_Employee_Record" name="checkContentType" time="0.0"/>
  <testcase classname="com.employeeAPI.testCases.TC005_Delete_Employee_Record" name="checkServerType" time="0.001"/>
  <testcase classname="com.employeeAPI.testCases.TC005_Delete_Employee_Record" name="checkStatusCode" time="0.002"/>
  <testcase classname="com.employeeAPI.testCases.TC005_Delete_Employee_Record" name="checkStatusLine" time="0.001"/>
</testsuite> <!-- Employee Rest API Test -->
