<?xml version="1.0" encoding="UTF-8"?>
<testng-results skipped="0" failed="0" ignored="0" total="27" passed="27">
  <reporter-output>
  </reporter-output>
  <suite name="EmployeesRestAPISuite" duration-ms="31071" started-at="2020-05-09T21:49:38Z" finished-at="2020-05-09T21:50:09Z">
    <groups>
    </groups>
    <test name="Employee Rest API Test" duration-ms="31071" started-at="2020-05-09T21:49:38Z" finished-at="2020-05-09T21:50:09Z">
      <class name="com.employeeAPI.testCases.TC001_Get_All_Employees">
        <test-method status="PASS" signature="setUp()[pri:0, instance:com.employeeAPI.testCases.TC001_Get_All_Employees@343f4d3d]" name="setUp" is-config="true" duration-ms="76" started-at="2020-05-09T21:49:38Z" finished-at="2020-05-09T21:49:38Z">
          <reporter-output>
          </reporter-output>
        </test-method> <!-- setUp -->
        <test-method status="PASS" signature="getAllEmployees()[pri:0, instance:com.employeeAPI.testCases.TC001_Get_All_Employees@343f4d3d]" name="getAllEmployees" is-config="true" duration-ms="8008" started-at="2020-05-09T21:49:38Z" finished-at="2020-05-09T21:49:46Z">
          <reporter-output>
          </reporter-output>
        </test-method> <!-- getAllEmployees -->
        <test-method status="PASS" signature="checkContentEncoding()[pri:0, instance:com.employeeAPI.testCases.TC001_Get_All_Employees@343f4d3d]" name="checkContentEncoding" duration-ms="8" started-at="2020-05-09T21:49:46Z" finished-at="2020-05-09T21:49:46Z">
          <reporter-output>
          </reporter-output>
        </test-method> <!-- checkContentEncoding -->
        <test-method status="PASS" signature="checkContentLength()[pri:0, instance:com.employeeAPI.testCases.TC001_Get_All_Employees@343f4d3d]" name="checkContentLength" duration-ms="2" started-at="2020-05-09T21:49:46Z" finished-at="2020-05-09T21:49:46Z">
          <reporter-output>
          </reporter-output>
        </test-method> <!-- checkContentLength -->
        <test-method status="PASS" signature="checkContentType()[pri:0, instance:com.employeeAPI.testCases.TC001_Get_All_Employees@343f4d3d]" name="checkContentType" duration-ms="3" started-at="2020-05-09T21:49:46Z" finished-at="2020-05-09T21:49:46Z">
          <reporter-output>
          </reporter-output>
        </test-method> <!-- checkContentType -->
        <test-method status="PASS" signature="checkCookie()[pri:0, instance:com.employeeAPI.testCases.TC001_Get_All_Employees@343f4d3d]" name="checkCookie" duration-ms="3" started-at="2020-05-09T21:49:46Z" finished-at="2020-05-09T21:49:46Z">
          <reporter-output>
          </reporter-output>
        </test-method> <!-- checkCookie -->
        <test-method status="PASS" signature="checkResponseBody()[pri:0, instance:com.employeeAPI.testCases.TC001_Get_All_Employees@343f4d3d]" name="checkResponseBody" duration-ms="32" started-at="2020-05-09T21:49:46Z" finished-at="2020-05-09T21:49:46Z">
          <reporter-output>
          </reporter-output>
        </test-method> <!-- checkResponseBody -->
        <test-method status="PASS" signature="checkResponseTime()[pri:0, instance:com.employeeAPI.testCases.TC001_Get_All_Employees@343f4d3d]" name="checkResponseTime" duration-ms="3" started-at="2020-05-09T21:49:46Z" finished-at="2020-05-09T21:49:46Z">
          <reporter-output>
          </reporter-output>
        </test-method> <!-- checkResponseTime -->
        <test-method status="PASS" signature="checkServerType()[pri:0, instance:com.employeeAPI.testCases.TC001_Get_All_Employees@343f4d3d]" name="checkServerType" duration-ms="3" started-at="2020-05-09T21:49:46Z" finished-at="2020-05-09T21:49:46Z">
          <reporter-output>
          </reporter-output>
        </test-method> <!-- checkServerType -->
        <test-method status="PASS" signature="checkStatusCode()[pri:0, instance:com.employeeAPI.testCases.TC001_Get_All_Employees@343f4d3d]" name="checkStatusCode" duration-ms="3" started-at="2020-05-09T21:49:46Z" finished-at="2020-05-09T21:49:46Z">
          <reporter-output>
          </reporter-output>
        </test-method> <!-- checkStatusCode -->
        <test-method status="PASS" signature="checkStatusLine()[pri:0, instance:com.employeeAPI.testCases.TC001_Get_All_Employees@343f4d3d]" name="checkStatusLine" duration-ms="1" started-at="2020-05-09T21:49:46Z" finished-at="2020-05-09T21:49:46Z">
          <reporter-output>
          </reporter-output>
        </test-method> <!-- checkStatusLine -->
        <test-method status="PASS" signature="tearDown()[pri:0, instance:com.employeeAPI.testCases.TC001_Get_All_Employees@343f4d3d]" name="tearDown" is-config="true" duration-ms="1" started-at="2020-05-09T21:49:46Z" finished-at="2020-05-09T21:49:46Z">
          <reporter-output>
          </reporter-output>
        </test-method> <!-- tearDown -->
      </class> <!-- com.employeeAPI.testCases.TC001_Get_All_Employees -->
      <class name="com.employeeAPI.testCases.TC002_Get_Single_Employee_Record">
        <test-method status="PASS" signature="setUp()[pri:0, instance:com.employeeAPI.testCases.TC002_Get_Single_Employee_Record@53b32d7]" name="setUp" is-config="true" duration-ms="6" started-at="2020-05-09T21:49:46Z" finished-at="2020-05-09T21:49:46Z">
          <reporter-output>
          </reporter-output>
        </test-method> <!-- setUp -->
        <test-method status="PASS" signature="getEmployeeData()[pri:0, instance:com.employeeAPI.testCases.TC002_Get_Single_Employee_Record@53b32d7]" name="getEmployeeData" is-config="true" duration-ms="3632" started-at="2020-05-09T21:49:46Z" finished-at="2020-05-09T21:49:50Z">
          <reporter-output>
          </reporter-output>
        </test-method> <!-- getEmployeeData -->
        <test-method status="PASS" signature="checkContentLength()[pri:0, instance:com.employeeAPI.testCases.TC002_Get_Single_Employee_Record@53b32d7]" name="checkContentLength" duration-ms="2" started-at="2020-05-09T21:49:50Z" finished-at="2020-05-09T21:49:50Z">
          <reporter-output>
          </reporter-output>
        </test-method> <!-- checkContentLength -->
        <test-method status="PASS" signature="checkContentType()[pri:0, instance:com.employeeAPI.testCases.TC002_Get_Single_Employee_Record@53b32d7]" name="checkContentType" duration-ms="2" started-at="2020-05-09T21:49:50Z" finished-at="2020-05-09T21:49:50Z">
          <reporter-output>
          </reporter-output>
        </test-method> <!-- checkContentType -->
        <test-method status="PASS" signature="checkResponseTime()[pri:0, instance:com.employeeAPI.testCases.TC002_Get_Single_Employee_Record@53b32d7]" name="checkResponseTime" duration-ms="3" started-at="2020-05-09T21:49:50Z" finished-at="2020-05-09T21:49:50Z">
          <reporter-output>
          </reporter-output>
        </test-method> <!-- checkResponseTime -->
        <test-method status="PASS" signature="checkServerType()[pri:0, instance:com.employeeAPI.testCases.TC002_Get_Single_Employee_Record@53b32d7]" name="checkServerType" duration-ms="3" started-at="2020-05-09T21:49:50Z" finished-at="2020-05-09T21:49:50Z">
          <reporter-output>
          </reporter-output>
        </test-method> <!-- checkServerType -->
        <test-method status="PASS" signature="tearDown()[pri:0, instance:com.employeeAPI.testCases.TC002_Get_Single_Employee_Record@53b32d7]" name="tearDown" is-config="true" duration-ms="1" started-at="2020-05-09T21:49:50Z" finished-at="2020-05-09T21:49:50Z">
          <reporter-output>
          </reporter-output>
        </test-method> <!-- tearDown -->
      </class> <!-- com.employeeAPI.testCases.TC002_Get_Single_Employee_Record -->
      <class name="com.employeeAPI.testCases.TC003_Post_Employee_Record">
        <test-method status="PASS" signature="setUp()[pri:0, instance:com.employeeAPI.testCases.TC003_Post_Employee_Record@5442a311]" name="setUp" is-config="true" duration-ms="5" started-at="2020-05-09T21:49:50Z" finished-at="2020-05-09T21:49:50Z">
          <reporter-output>
          </reporter-output>
        </test-method> <!-- setUp -->
        <test-method status="PASS" signature="createEmployee()[pri:0, instance:com.employeeAPI.testCases.TC003_Post_Employee_Record@5442a311]" name="createEmployee" is-config="true" duration-ms="5641" started-at="2020-05-09T21:49:50Z" finished-at="2020-05-09T21:49:56Z">
          <reporter-output>
          </reporter-output>
        </test-method> <!-- createEmployee -->
        <test-method status="PASS" signature="checkContentType()[pri:0, instance:com.employeeAPI.testCases.TC003_Post_Employee_Record@5442a311]" name="checkContentType" duration-ms="1" started-at="2020-05-09T21:49:56Z" finished-at="2020-05-09T21:49:56Z">
          <reporter-output>
          </reporter-output>
        </test-method> <!-- checkContentType -->
        <test-method status="PASS" signature="checkResponseBody()[pri:0, instance:com.employeeAPI.testCases.TC003_Post_Employee_Record@5442a311]" name="checkResponseBody" duration-ms="2" started-at="2020-05-09T21:49:56Z" finished-at="2020-05-09T21:49:56Z">
          <reporter-output>
          </reporter-output>
        </test-method> <!-- checkResponseBody -->
        <test-method status="PASS" signature="checkServerType()[pri:0, instance:com.employeeAPI.testCases.TC003_Post_Employee_Record@5442a311]" name="checkServerType" duration-ms="2" started-at="2020-05-09T21:49:56Z" finished-at="2020-05-09T21:49:56Z">
          <reporter-output>
          </reporter-output>
        </test-method> <!-- checkServerType -->
        <test-method status="PASS" signature="checkStatusCode()[pri:0, instance:com.employeeAPI.testCases.TC003_Post_Employee_Record@5442a311]" name="checkStatusCode" duration-ms="2" started-at="2020-05-09T21:49:56Z" finished-at="2020-05-09T21:49:56Z">
          <reporter-output>
          </reporter-output>
        </test-method> <!-- checkStatusCode -->
        <test-method status="PASS" signature="checkStatusLine()[pri:0, instance:com.employeeAPI.testCases.TC003_Post_Employee_Record@5442a311]" name="checkStatusLine" duration-ms="2" started-at="2020-05-09T21:49:56Z" finished-at="2020-05-09T21:49:56Z">
          <reporter-output>
          </reporter-output>
        </test-method> <!-- checkStatusLine -->
        <test-method status="PASS" signature="tearDown()[pri:0, instance:com.employeeAPI.testCases.TC003_Post_Employee_Record@5442a311]" name="tearDown" is-config="true" duration-ms="0" started-at="2020-05-09T21:49:56Z" finished-at="2020-05-09T21:49:56Z">
          <reporter-output>
          </reporter-output>
        </test-method> <!-- tearDown -->
      </class> <!-- com.employeeAPI.testCases.TC003_Post_Employee_Record -->
      <class name="com.employeeAPI.testCases.TC004_Put_Employee_Record">
        <test-method status="PASS" signature="setUp()[pri:0, instance:com.employeeAPI.testCases.TC004_Put_Employee_Record@548e7350]" name="setUp" is-config="true" duration-ms="3" started-at="2020-05-09T21:49:56Z" finished-at="2020-05-09T21:49:56Z">
          <reporter-output>
          </reporter-output>
        </test-method> <!-- setUp -->
        <test-method status="PASS" signature="createEmployee()[pri:0, instance:com.employeeAPI.testCases.TC004_Put_Employee_Record@548e7350]" name="createEmployee" is-config="true" duration-ms="5616" started-at="2020-05-09T21:49:56Z" finished-at="2020-05-09T21:50:01Z">
          <reporter-output>
          </reporter-output>
        </test-method> <!-- createEmployee -->
        <test-method status="PASS" signature="checkContentType()[pri:0, instance:com.employeeAPI.testCases.TC004_Put_Employee_Record@548e7350]" name="checkContentType" duration-ms="2" started-at="2020-05-09T21:50:01Z" finished-at="2020-05-09T21:50:01Z">
          <reporter-output>
          </reporter-output>
        </test-method> <!-- checkContentType -->
        <test-method status="PASS" signature="checkResponseBody()[pri:0, instance:com.employeeAPI.testCases.TC004_Put_Employee_Record@548e7350]" name="checkResponseBody" duration-ms="2" started-at="2020-05-09T21:50:01Z" finished-at="2020-05-09T21:50:01Z">
          <reporter-output>
          </reporter-output>
        </test-method> <!-- checkResponseBody -->
        <test-method status="PASS" signature="checkServerType()[pri:0, instance:com.employeeAPI.testCases.TC004_Put_Employee_Record@548e7350]" name="checkServerType" duration-ms="2" started-at="2020-05-09T21:50:01Z" finished-at="2020-05-09T21:50:01Z">
          <reporter-output>
          </reporter-output>
        </test-method> <!-- checkServerType -->
        <test-method status="PASS" signature="checkStatusCode()[pri:0, instance:com.employeeAPI.testCases.TC004_Put_Employee_Record@548e7350]" name="checkStatusCode" duration-ms="1" started-at="2020-05-09T21:50:01Z" finished-at="2020-05-09T21:50:01Z">
          <reporter-output>
          </reporter-output>
        </test-method> <!-- checkStatusCode -->
        <test-method status="PASS" signature="checkStatusLine()[pri:0, instance:com.employeeAPI.testCases.TC004_Put_Employee_Record@548e7350]" name="checkStatusLine" duration-ms="2" started-at="2020-05-09T21:50:01Z" finished-at="2020-05-09T21:50:01Z">
          <reporter-output>
          </reporter-output>
        </test-method> <!-- checkStatusLine -->
        <test-method status="PASS" signature="tearDown()[pri:0, instance:com.employeeAPI.testCases.TC004_Put_Employee_Record@548e7350]" name="tearDown" is-config="true" duration-ms="1" started-at="2020-05-09T21:50:01Z" finished-at="2020-05-09T21:50:01Z">
          <reporter-output>
          </reporter-output>
        </test-method> <!-- tearDown -->
      </class> <!-- com.employeeAPI.testCases.TC004_Put_Employee_Record -->
      <class name="com.employeeAPI.testCases.TC005_Delete_Employee_Record">
        <test-method status="PASS" signature="setUp()[pri:0, instance:com.employeeAPI.testCases.TC005_Delete_Employee_Record@1a968a59]" name="setUp" is-config="true" duration-ms="3" started-at="2020-05-09T21:50:01Z" finished-at="2020-05-09T21:50:01Z">
          <reporter-output>
          </reporter-output>
        </test-method> <!-- setUp -->
        <test-method status="PASS" signature="createEmployee()[pri:0, instance:com.employeeAPI.testCases.TC005_Delete_Employee_Record@1a968a59]" name="createEmployee" is-config="true" duration-ms="7536" started-at="2020-05-09T21:50:01Z" finished-at="2020-05-09T21:50:09Z">
          <reporter-output>
          </reporter-output>
        </test-method> <!-- createEmployee -->
        <test-method status="PASS" signature="checkContentType()[pri:0, instance:com.employeeAPI.testCases.TC005_Delete_Employee_Record@1a968a59]" name="checkContentType" duration-ms="2" started-at="2020-05-09T21:50:09Z" finished-at="2020-05-09T21:50:09Z">
          <reporter-output>
          </reporter-output>
        </test-method> <!-- checkContentType -->
        <test-method status="PASS" signature="checkServerType()[pri:0, instance:com.employeeAPI.testCases.TC005_Delete_Employee_Record@1a968a59]" name="checkServerType" duration-ms="2" started-at="2020-05-09T21:50:09Z" finished-at="2020-05-09T21:50:09Z">
          <reporter-output>
          </reporter-output>
        </test-method> <!-- checkServerType -->
        <test-method status="PASS" signature="checkStatusCode()[pri:0, instance:com.employeeAPI.testCases.TC005_Delete_Employee_Record@1a968a59]" name="checkStatusCode" duration-ms="2" started-at="2020-05-09T21:50:09Z" finished-at="2020-05-09T21:50:09Z">
          <reporter-output>
          </reporter-output>
        </test-method> <!-- checkStatusCode -->
        <test-method status="PASS" signature="checkStatusLine()[pri:0, instance:com.employeeAPI.testCases.TC005_Delete_Employee_Record@1a968a59]" name="checkStatusLine" duration-ms="2" started-at="2020-05-09T21:50:09Z" finished-at="2020-05-09T21:50:09Z">
          <reporter-output>
          </reporter-output>
        </test-method> <!-- checkStatusLine -->
        <test-method status="PASS" signature="tearDown()[pri:0, instance:com.employeeAPI.testCases.TC005_Delete_Employee_Record@1a968a59]" name="tearDown" is-config="true" duration-ms="1" started-at="2020-05-09T21:50:09Z" finished-at="2020-05-09T21:50:09Z">
          <reporter-output>
          </reporter-output>
        </test-method> <!-- tearDown -->
      </class> <!-- com.employeeAPI.testCases.TC005_Delete_Employee_Record -->
    </test> <!-- Employee Rest API Test -->
  </suite> <!-- EmployeesRestAPISuite -->
</testng-results>
