<?xml version="1.0" encoding="UTF-8"?>
<testng-results ignored="0" total="27" passed="27" failed="0" skipped="0">
  <reporter-output>
  </reporter-output>
  <suite started-at="2020-05-09T22:24:03Z" name="EmployeesRestAPISuite" finished-at="2020-05-09T22:24:33Z" duration-ms="29492">
    <groups>
    </groups>
    <test started-at="2020-05-09T22:24:03Z" name="Employee Rest API Test" finished-at="2020-05-09T22:24:33Z" duration-ms="29492">
      <class name="com.employeeAPI.testCases.TC001_Get_All_Employees">
        <test-method is-config="true" signature="setUp()[pri:0, instance:com.employeeAPI.testCases.TC001_Get_All_Employees@24a35978]" started-at="2020-05-09T22:24:04Z" name="setUp" finished-at="2020-05-09T22:24:04Z" duration-ms="63" status="PASS">
          <reporter-output>
          </reporter-output>
        </test-method> <!-- setUp -->
        <test-method is-config="true" signature="getAllEmployees()[pri:0, instance:com.employeeAPI.testCases.TC001_Get_All_Employees@24a35978]" started-at="2020-05-09T22:24:04Z" name="getAllEmployees" finished-at="2020-05-09T22:24:11Z" duration-ms="7523" status="PASS">
          <reporter-output>
          </reporter-output>
        </test-method> <!-- getAllEmployees -->
        <test-method signature="checkContentEncoding()[pri:0, instance:com.employeeAPI.testCases.TC001_Get_All_Employees@24a35978]" started-at="2020-05-09T22:24:11Z" name="checkContentEncoding" finished-at="2020-05-09T22:24:11Z" duration-ms="4" status="PASS">
          <reporter-output>
          </reporter-output>
        </test-method> <!-- checkContentEncoding -->
        <test-method signature="checkContentLength()[pri:0, instance:com.employeeAPI.testCases.TC001_Get_All_Employees@24a35978]" started-at="2020-05-09T22:24:11Z" name="checkContentLength" finished-at="2020-05-09T22:24:11Z" duration-ms="1" status="PASS">
          <reporter-output>
          </reporter-output>
        </test-method> <!-- checkContentLength -->
        <test-method signature="checkContentType()[pri:0, instance:com.employeeAPI.testCases.TC001_Get_All_Employees@24a35978]" started-at="2020-05-09T22:24:11Z" name="checkContentType" finished-at="2020-05-09T22:24:11Z" duration-ms="1" status="PASS">
          <reporter-output>
          </reporter-output>
        </test-method> <!-- checkContentType -->
        <test-method signature="checkCookie()[pri:0, instance:com.employeeAPI.testCases.TC001_Get_All_Employees@24a35978]" started-at="2020-05-09T22:24:11Z" name="checkCookie" finished-at="2020-05-09T22:24:11Z" duration-ms="2" status="PASS">
          <reporter-output>
          </reporter-output>
        </test-method> <!-- checkCookie -->
        <test-method signature="checkResponseBody()[pri:0, instance:com.employeeAPI.testCases.TC001_Get_All_Employees@24a35978]" started-at="2020-05-09T22:24:11Z" name="checkResponseBody" finished-at="2020-05-09T22:24:11Z" duration-ms="29" status="PASS">
          <reporter-output>
          </reporter-output>
        </test-method> <!-- checkResponseBody -->
        <test-method signature="checkResponseTime()[pri:0, instance:com.employeeAPI.testCases.TC001_Get_All_Employees@24a35978]" started-at="2020-05-09T22:24:11Z" name="checkResponseTime" finished-at="2020-05-09T22:24:11Z" duration-ms="1" status="PASS">
          <reporter-output>
          </reporter-output>
        </test-method> <!-- checkResponseTime -->
        <test-method signature="checkServerType()[pri:0, instance:com.employeeAPI.testCases.TC001_Get_All_Employees@24a35978]" started-at="2020-05-09T22:24:11Z" name="checkServerType" finished-at="2020-05-09T22:24:11Z" duration-ms="1" status="PASS">
          <reporter-output>
          </reporter-output>
        </test-method> <!-- checkServerType -->
        <test-method signature="checkStatusCode()[pri:0, instance:com.employeeAPI.testCases.TC001_Get_All_Employees@24a35978]" started-at="2020-05-09T22:24:11Z" name="checkStatusCode" finished-at="2020-05-09T22:24:11Z" duration-ms="3" status="PASS">
          <reporter-output>
          </reporter-output>
        </test-method> <!-- checkStatusCode -->
        <test-method signature="checkStatusLine()[pri:0, instance:com.employeeAPI.testCases.TC001_Get_All_Employees@24a35978]" started-at="2020-05-09T22:24:11Z" name="checkStatusLine" finished-at="2020-05-09T22:24:11Z" duration-ms="1" status="PASS">
          <reporter-output>
          </reporter-output>
        </test-method> <!-- checkStatusLine -->
        <test-method is-config="true" signature="tearDown()[pri:0, instance:com.employeeAPI.testCases.TC001_Get_All_Employees@24a35978]" started-at="2020-05-09T22:24:11Z" name="tearDown" finished-at="2020-05-09T22:24:11Z" duration-ms="0" status="PASS">
          <reporter-output>
          </reporter-output>
        </test-method> <!-- tearDown -->
      </class> <!-- com.employeeAPI.testCases.TC001_Get_All_Employees -->
      <class name="com.employeeAPI.testCases.TC002_Get_Single_Employee_Record">
        <test-method is-config="true" signature="setUp()[pri:0, instance:com.employeeAPI.testCases.TC002_Get_Single_Employee_Record@16f7c8c1]" started-at="2020-05-09T22:24:11Z" name="setUp" finished-at="2020-05-09T22:24:11Z" duration-ms="4" status="PASS">
          <reporter-output>
          </reporter-output>
        </test-method> <!-- setUp -->
        <test-method is-config="true" signature="getEmployeeData()[pri:0, instance:com.employeeAPI.testCases.TC002_Get_Single_Employee_Record@16f7c8c1]" started-at="2020-05-09T22:24:11Z" name="getEmployeeData" finished-at="2020-05-09T22:24:15Z" duration-ms="3488" status="PASS">
          <reporter-output>
          </reporter-output>
        </test-method> <!-- getEmployeeData -->
        <test-method signature="checkContentLength()[pri:0, instance:com.employeeAPI.testCases.TC002_Get_Single_Employee_Record@16f7c8c1]" started-at="2020-05-09T22:24:15Z" name="checkContentLength" finished-at="2020-05-09T22:24:15Z" duration-ms="1" status="PASS">
          <reporter-output>
          </reporter-output>
        </test-method> <!-- checkContentLength -->
        <test-method signature="checkContentType()[pri:0, instance:com.employeeAPI.testCases.TC002_Get_Single_Employee_Record@16f7c8c1]" started-at="2020-05-09T22:24:15Z" name="checkContentType" finished-at="2020-05-09T22:24:15Z" duration-ms="1" status="PASS">
          <reporter-output>
          </reporter-output>
        </test-method> <!-- checkContentType -->
        <test-method signature="checkResponseTime()[pri:0, instance:com.employeeAPI.testCases.TC002_Get_Single_Employee_Record@16f7c8c1]" started-at="2020-05-09T22:24:15Z" name="checkResponseTime" finished-at="2020-05-09T22:24:15Z" duration-ms="1" status="PASS">
          <reporter-output>
          </reporter-output>
        </test-method> <!-- checkResponseTime -->
        <test-method signature="checkServerType()[pri:0, instance:com.employeeAPI.testCases.TC002_Get_Single_Employee_Record@16f7c8c1]" started-at="2020-05-09T22:24:15Z" name="checkServerType" finished-at="2020-05-09T22:24:15Z" duration-ms="2" status="PASS">
          <reporter-output>
          </reporter-output>
        </test-method> <!-- checkServerType -->
        <test-method is-config="true" signature="tearDown()[pri:0, instance:com.employeeAPI.testCases.TC002_Get_Single_Employee_Record@16f7c8c1]" started-at="2020-05-09T22:24:15Z" name="tearDown" finished-at="2020-05-09T22:24:15Z" duration-ms="1" status="PASS">
          <reporter-output>
          </reporter-output>
        </test-method> <!-- tearDown -->
      </class> <!-- com.employeeAPI.testCases.TC002_Get_Single_Employee_Record -->
      <class name="com.employeeAPI.testCases.TC003_Post_Employee_Record">
        <test-method is-config="true" signature="setUp()[pri:0, instance:com.employeeAPI.testCases.TC003_Post_Employee_Record@2f0a87b3]" started-at="2020-05-09T22:24:15Z" name="setUp" finished-at="2020-05-09T22:24:15Z" duration-ms="3" status="PASS">
          <reporter-output>
          </reporter-output>
        </test-method> <!-- setUp -->
        <test-method is-config="true" signature="createEmployee()[pri:0, instance:com.employeeAPI.testCases.TC003_Post_Employee_Record@2f0a87b3]" started-at="2020-05-09T22:24:15Z" name="createEmployee" finished-at="2020-05-09T22:24:21Z" duration-ms="5700" status="PASS">
          <reporter-output>
          </reporter-output>
        </test-method> <!-- createEmployee -->
        <test-method signature="checkContentType()[pri:0, instance:com.employeeAPI.testCases.TC003_Post_Employee_Record@2f0a87b3]" started-at="2020-05-09T22:24:21Z" name="checkContentType" finished-at="2020-05-09T22:24:21Z" duration-ms="1" status="PASS">
          <reporter-output>
          </reporter-output>
        </test-method> <!-- checkContentType -->
        <test-method signature="checkResponseBody()[pri:0, instance:com.employeeAPI.testCases.TC003_Post_Employee_Record@2f0a87b3]" started-at="2020-05-09T22:24:21Z" name="checkResponseBody" finished-at="2020-05-09T22:24:21Z" duration-ms="1" status="PASS">
          <reporter-output>
          </reporter-output>
        </test-method> <!-- checkResponseBody -->
        <test-method signature="checkServerType()[pri:0, instance:com.employeeAPI.testCases.TC003_Post_Employee_Record@2f0a87b3]" started-at="2020-05-09T22:24:21Z" name="checkServerType" finished-at="2020-05-09T22:24:21Z" duration-ms="1" status="PASS">
          <reporter-output>
          </reporter-output>
        </test-method> <!-- checkServerType -->
        <test-method signature="checkStatusCode()[pri:0, instance:com.employeeAPI.testCases.TC003_Post_Employee_Record@2f0a87b3]" started-at="2020-05-09T22:24:21Z" name="checkStatusCode" finished-at="2020-05-09T22:24:21Z" duration-ms="1" status="PASS">
          <reporter-output>
          </reporter-output>
        </test-method> <!-- checkStatusCode -->
        <test-method signature="checkStatusLine()[pri:0, instance:com.employeeAPI.testCases.TC003_Post_Employee_Record@2f0a87b3]" started-at="2020-05-09T22:24:21Z" name="checkStatusLine" finished-at="2020-05-09T22:24:21Z" duration-ms="1" status="PASS">
          <reporter-output>
          </reporter-output>
        </test-method> <!-- checkStatusLine -->
        <test-method is-config="true" signature="tearDown()[pri:0, instance:com.employeeAPI.testCases.TC003_Post_Employee_Record@2f0a87b3]" started-at="2020-05-09T22:24:21Z" name="tearDown" finished-at="2020-05-09T22:24:21Z" duration-ms="1" status="PASS">
          <reporter-output>
          </reporter-output>
        </test-method> <!-- tearDown -->
      </class> <!-- com.employeeAPI.testCases.TC003_Post_Employee_Record -->
      <class name="com.employeeAPI.testCases.TC004_Put_Employee_Record">
        <test-method is-config="true" signature="setUp()[pri:0, instance:com.employeeAPI.testCases.TC004_Put_Employee_Record@319b92f3]" started-at="2020-05-09T22:24:21Z" name="setUp" finished-at="2020-05-09T22:24:21Z" duration-ms="3" status="PASS">
          <reporter-output>
          </reporter-output>
        </test-method> <!-- setUp -->
        <test-method is-config="true" signature="createEmployee()[pri:0, instance:com.employeeAPI.testCases.TC004_Put_Employee_Record@319b92f3]" started-at="2020-05-09T22:24:21Z" name="createEmployee" finished-at="2020-05-09T22:24:26Z" duration-ms="5484" status="PASS">
          <reporter-output>
          </reporter-output>
        </test-method> <!-- createEmployee -->
        <test-method signature="checkContentType()[pri:0, instance:com.employeeAPI.testCases.TC004_Put_Employee_Record@319b92f3]" started-at="2020-05-09T22:24:26Z" name="checkContentType" finished-at="2020-05-09T22:24:26Z" duration-ms="1" status="PASS">
          <reporter-output>
          </reporter-output>
        </test-method> <!-- checkContentType -->
        <test-method signature="checkResponseBody()[pri:0, instance:com.employeeAPI.testCases.TC004_Put_Employee_Record@319b92f3]" started-at="2020-05-09T22:24:26Z" name="checkResponseBody" finished-at="2020-05-09T22:24:26Z" duration-ms="1" status="PASS">
          <reporter-output>
          </reporter-output>
        </test-method> <!-- checkResponseBody -->
        <test-method signature="checkServerType()[pri:0, instance:com.employeeAPI.testCases.TC004_Put_Employee_Record@319b92f3]" started-at="2020-05-09T22:24:26Z" name="checkServerType" finished-at="2020-05-09T22:24:26Z" duration-ms="1" status="PASS">
          <reporter-output>
          </reporter-output>
        </test-method> <!-- checkServerType -->
        <test-method signature="checkStatusCode()[pri:0, instance:com.employeeAPI.testCases.TC004_Put_Employee_Record@319b92f3]" started-at="2020-05-09T22:24:26Z" name="checkStatusCode" finished-at="2020-05-09T22:24:26Z" duration-ms="1" status="PASS">
          <reporter-output>
          </reporter-output>
        </test-method> <!-- checkStatusCode -->
        <test-method signature="checkStatusLine()[pri:0, instance:com.employeeAPI.testCases.TC004_Put_Employee_Record@319b92f3]" started-at="2020-05-09T22:24:26Z" name="checkStatusLine" finished-at="2020-05-09T22:24:26Z" duration-ms="1" status="PASS">
          <reporter-output>
          </reporter-output>
        </test-method> <!-- checkStatusLine -->
        <test-method is-config="true" signature="tearDown()[pri:0, instance:com.employeeAPI.testCases.TC004_Put_Employee_Record@319b92f3]" started-at="2020-05-09T22:24:26Z" name="tearDown" finished-at="2020-05-09T22:24:26Z" duration-ms="1" status="PASS">
          <reporter-output>
          </reporter-output>
        </test-method> <!-- tearDown -->
      </class> <!-- com.employeeAPI.testCases.TC004_Put_Employee_Record -->
      <class name="com.employeeAPI.testCases.TC005_Delete_Employee_Record">
        <test-method is-config="true" signature="setUp()[pri:0, instance:com.employeeAPI.testCases.TC005_Delete_Employee_Record@fcd6521]" started-at="2020-05-09T22:24:26Z" name="setUp" finished-at="2020-05-09T22:24:26Z" duration-ms="3" status="PASS">
          <reporter-output>
          </reporter-output>
        </test-method> <!-- setUp -->
        <test-method is-config="true" signature="createEmployee()[pri:0, instance:com.employeeAPI.testCases.TC005_Delete_Employee_Record@fcd6521]" started-at="2020-05-09T22:24:26Z" name="createEmployee" finished-at="2020-05-09T22:24:33Z" duration-ms="6836" status="PASS">
          <reporter-output>
          </reporter-output>
        </test-method> <!-- createEmployee -->
        <test-method signature="checkContentType()[pri:0, instance:com.employeeAPI.testCases.TC005_Delete_Employee_Record@fcd6521]" started-at="2020-05-09T22:24:33Z" name="checkContentType" finished-at="2020-05-09T22:24:33Z" duration-ms="0" status="PASS">
          <reporter-output>
          </reporter-output>
        </test-method> <!-- checkContentType -->
        <test-method signature="checkServerType()[pri:0, instance:com.employeeAPI.testCases.TC005_Delete_Employee_Record@fcd6521]" started-at="2020-05-09T22:24:33Z" name="checkServerType" finished-at="2020-05-09T22:24:33Z" duration-ms="1" status="PASS">
          <reporter-output>
          </reporter-output>
        </test-method> <!-- checkServerType -->
        <test-method signature="checkStatusCode()[pri:0, instance:com.employeeAPI.testCases.TC005_Delete_Employee_Record@fcd6521]" started-at="2020-05-09T22:24:33Z" name="checkStatusCode" finished-at="2020-05-09T22:24:33Z" duration-ms="2" status="PASS">
          <reporter-output>
          </reporter-output>
        </test-method> <!-- checkStatusCode -->
        <test-method signature="checkStatusLine()[pri:0, instance:com.employeeAPI.testCases.TC005_Delete_Employee_Record@fcd6521]" started-at="2020-05-09T22:24:33Z" name="checkStatusLine" finished-at="2020-05-09T22:24:33Z" duration-ms="1" status="PASS">
          <reporter-output>
          </reporter-output>
        </test-method> <!-- checkStatusLine -->
        <test-method is-config="true" signature="tearDown()[pri:0, instance:com.employeeAPI.testCases.TC005_Delete_Employee_Record@fcd6521]" started-at="2020-05-09T22:24:33Z" name="tearDown" finished-at="2020-05-09T22:24:33Z" duration-ms="1" status="PASS">
          <reporter-output>
          </reporter-output>
        </test-method> <!-- tearDown -->
      </class> <!-- com.employeeAPI.testCases.TC005_Delete_Employee_Record -->
    </test> <!-- Employee Rest API Test -->
  </suite> <!-- EmployeesRestAPISuite -->
</testng-results>
