<?xml version="1.0" encoding="UTF-8"?>
<!-- Generated by org.testng.reporters.JUnitXMLReporter -->
<testsuite hostname="LAPTOP-BQ7298OG" ignored="0" name="Employee Rest API Test" tests="27" failures="0" timestamp="09 May 2020 21:50:09 GMT" time="31.071" errors="0">
  <testcase name="checkContentEncoding" time="0.008" classname="com.employeeAPI.testCases.TC001_Get_All_Employees"/>
  <testcase name="checkContentLength" time="0.002" classname="com.employeeAPI.testCases.TC001_Get_All_Employees"/>
  <testcase name="checkContentType" time="0.003" classname="com.employeeAPI.testCases.TC001_Get_All_Employees"/>
  <testcase name="checkCookie" time="0.003" classname="com.employeeAPI.testCases.TC001_Get_All_Employees"/>
  <testcase name="checkResponseBody" time="0.032" classname="com.employeeAPI.testCases.TC001_Get_All_Employees"/>
  <testcase name="checkResponseTime" time="0.003" classname="com.employeeAPI.testCases.TC001_Get_All_Employees"/>
  <testcase name="checkServerType" time="0.003" classname="com.employeeAPI.testCases.TC001_Get_All_Employees"/>
  <testcase name="checkStatusCode" time="0.003" classname="com.employeeAPI.testCases.TC001_Get_All_Employees"/>
  <testcase name="checkStatusLine" time="0.001" classname="com.employeeAPI.testCases.TC001_Get_All_Employees"/>
  <testcase name="checkContentLength" time="0.002" classname="com.employeeAPI.testCases.TC002_Get_Single_Employee_Record"/>
  <testcase name="checkContentType" time="0.002" classname="com.employeeAPI.testCases.TC002_Get_Single_Employee_Record"/>
  <testcase name="checkResponseTime" time="0.003" classname="com.employeeAPI.testCases.TC002_Get_Single_Employee_Record"/>
  <testcase name="checkServerType" time="0.003" classname="com.employeeAPI.testCases.TC002_Get_Single_Employee_Record"/>
  <testcase name="checkContentType" time="0.001" classname="com.employeeAPI.testCases.TC003_Post_Employee_Record"/>
  <testcase name="checkResponseBody" time="0.002" classname="com.employeeAPI.testCases.TC003_Post_Employee_Record"/>
  <testcase name="checkServerType" time="0.002" classname="com.employeeAPI.testCases.TC003_Post_Employee_Record"/>
  <testcase name="checkStatusCode" time="0.002" classname="com.employeeAPI.testCases.TC003_Post_Employee_Record"/>
  <testcase name="checkStatusLine" time="0.002" classname="com.employeeAPI.testCases.TC003_Post_Employee_Record"/>
  <testcase name="checkContentType" time="0.002" classname="com.employeeAPI.testCases.TC004_Put_Employee_Record"/>
  <testcase name="checkResponseBody" time="0.002" classname="com.employeeAPI.testCases.TC004_Put_Employee_Record"/>
  <testcase name="checkServerType" time="0.002" classname="com.employeeAPI.testCases.TC004_Put_Employee_Record"/>
  <testcase name="checkStatusCode" time="0.001" classname="com.employeeAPI.testCases.TC004_Put_Employee_Record"/>
  <testcase name="checkStatusLine" time="0.002" classname="com.employeeAPI.testCases.TC004_Put_Employee_Record"/>
  <testcase name="checkContentType" time="0.002" classname="com.employeeAPI.testCases.TC005_Delete_Employee_Record"/>
  <testcase name="checkServerType" time="0.002" classname="com.employeeAPI.testCases.TC005_Delete_Employee_Record"/>
  <testcase name="checkStatusCode" time="0.002" classname="com.employeeAPI.testCases.TC005_Delete_Employee_Record"/>
  <testcase name="checkStatusLine" time="0.002" classname="com.employeeAPI.testCases.TC005_Delete_Employee_Record"/>
</testsuite> <!-- Employee Rest API Test -->
